0 info it worked if it ends with ok
1 verbose cli [ '/usr/bin/node', '/usr/bin/npm', 'install' ]
2 info using npm@1.4.28
3 info using node@v0.10.40
4 verbose node symlink /usr/bin/node
5 warn package.json Starter-App@1.0.0 No repository field.
6 warn package.json Starter-App@1.0.0 No README data
7 verbose readDependencies using package.json deps
8 verbose install where, deps [ '/var/www/projects/mean-pro/angular-starter',
8 verbose install   [ 'gulp',
8 verbose install     'gulp-browserify',
8 verbose install     'gulp-concat',
8 verbose install     'gulp-if',
8 verbose install     'gulp-minify-css',
8 verbose install     'gulp-minify',
8 verbose install     'gulp-notify',
8 verbose install     'gulp-rename',
8 verbose install     'gulp-sass',
8 verbose install     'gulp-uglify',
8 verbose install     'oauth',
8 verbose install     'stringify',
8 verbose install     'angularjs-toaster',
8 verbose install     'gulp-plumber',
8 verbose install     'gulp-ng-constant',
8 verbose install     'run-sequence',
8 verbose install     'browser-sync',
8 verbose install     'angular-material',
8 verbose install     'apidoc',
8 verbose install     'gulp-ng-annotate',
8 verbose install     'jsdoc' ] ]
9 info preinstall Starter-App@1.0.0
10 verbose readDependencies using package.json deps
11 verbose already installed skipping gulp@^3.5.6 /var/www/projects/mean-pro/angular-starter
12 verbose already installed skipping gulp-browserify@^0.5.1 /var/www/projects/mean-pro/angular-starter
13 verbose already installed skipping gulp-concat@^2.6.0 /var/www/projects/mean-pro/angular-starter
14 verbose already installed skipping gulp-if@^1.2.5 /var/www/projects/mean-pro/angular-starter
15 verbose already installed skipping gulp-minify-css@^0.3.0 /var/www/projects/mean-pro/angular-starter
16 verbose already installed skipping gulp-minify@ /var/www/projects/mean-pro/angular-starter
17 verbose already installed skipping gulp-notify@ /var/www/projects/mean-pro/angular-starter
18 verbose already installed skipping gulp-rename@^1.2.0 /var/www/projects/mean-pro/angular-starter
19 verbose already installed skipping gulp-sass@^1.3.3 /var/www/projects/mean-pro/angular-starter
20 verbose already installed skipping gulp-uglify@^1.2.0 /var/www/projects/mean-pro/angular-starter
21 verbose already installed skipping oauth@^0.9.13 /var/www/projects/mean-pro/angular-starter
22 verbose already installed skipping stringify@^3.1.0 /var/www/projects/mean-pro/angular-starter
23 verbose already installed skipping angularjs-toaster@ /var/www/projects/mean-pro/angular-starter
24 verbose already installed skipping gulp-plumber@ /var/www/projects/mean-pro/angular-starter
25 verbose already installed skipping gulp-ng-constant@ /var/www/projects/mean-pro/angular-starter
26 verbose already installed skipping run-sequence@ /var/www/projects/mean-pro/angular-starter
27 verbose cache add [ 'browser-sync@', null ]
28 verbose cache add name=undefined spec="browser-sync@" args=["browser-sync@",null]
29 verbose parsed url { protocol: null,
29 verbose parsed url   slashes: null,
29 verbose parsed url   auth: null,
29 verbose parsed url   host: null,
29 verbose parsed url   port: null,
29 verbose parsed url   hostname: null,
29 verbose parsed url   hash: null,
29 verbose parsed url   search: null,
29 verbose parsed url   query: null,
29 verbose parsed url   pathname: 'browser-sync@',
29 verbose parsed url   path: 'browser-sync@',
29 verbose parsed url   href: 'browser-sync@' }
30 verbose cache add [ 'angular-material@^1.5.3', null ]
31 verbose cache add name=undefined spec="angular-material@^1.5.3" args=["angular-material@^1.5.3",null]
32 verbose parsed url { protocol: null,
32 verbose parsed url   slashes: null,
32 verbose parsed url   auth: null,
32 verbose parsed url   host: null,
32 verbose parsed url   port: null,
32 verbose parsed url   hostname: null,
32 verbose parsed url   hash: null,
32 verbose parsed url   search: null,
32 verbose parsed url   query: null,
32 verbose parsed url   pathname: 'angular-material@^1.5.3',
32 verbose parsed url   path: 'angular-material@^1.5.3',
32 verbose parsed url   href: 'angular-material@^1.5.3' }
33 verbose already installed skipping apidoc@^0.13.1 /var/www/projects/mean-pro/angular-starter
34 verbose cache add name="browser-sync" spec="" args=["browser-sync",""]
35 verbose parsed url { protocol: null,
35 verbose parsed url   slashes: null,
35 verbose parsed url   auth: null,
35 verbose parsed url   host: null,
35 verbose parsed url   port: null,
35 verbose parsed url   hostname: null,
35 verbose parsed url   hash: null,
35 verbose parsed url   search: null,
35 verbose parsed url   query: null,
35 verbose parsed url   pathname: null,
35 verbose parsed url   path: null,
35 verbose parsed url   href: '' }
36 verbose addNamed [ 'browser-sync', '' ]
37 verbose addNamed [ null, '*' ]
38 verbose cache add name="angular-material" spec="^1.5.3" args=["angular-material","^1.5.3"]
39 verbose parsed url { protocol: null,
39 verbose parsed url   slashes: null,
39 verbose parsed url   auth: null,
39 verbose parsed url   host: null,
39 verbose parsed url   port: null,
39 verbose parsed url   hostname: null,
39 verbose parsed url   hash: null,
39 verbose parsed url   search: null,
39 verbose parsed url   query: null,
39 verbose parsed url   pathname: '^1.5.3',
39 verbose parsed url   path: '^1.5.3',
39 verbose parsed url   href: '^1.5.3' }
40 verbose addNamed [ 'angular-material', '^1.5.3' ]
41 verbose addNamed [ null, '>=1.5.3-0 <2.0.0-0' ]
42 verbose already installed skipping gulp-ng-annotate@^1.1.0 /var/www/projects/mean-pro/angular-starter
43 verbose already installed skipping jsdoc@^3.3.0 /var/www/projects/mean-pro/angular-starter
44 silly lockFile 6373e9ab-browser-sync browser-sync@
45 verbose lock browser-sync@ /home/innofied/.npm/6373e9ab-browser-sync.lock
46 silly lockFile 9ab57fe1-angular-material-1-5-3 angular-material@^1.5.3
47 verbose lock angular-material@^1.5.3 /home/innofied/.npm/9ab57fe1-angular-material-1-5-3.lock
48 silly addNameRange { name: 'browser-sync', range: '*', hasData: false }
49 silly addNameRange { name: 'angular-material',
49 silly addNameRange   range: '>=1.5.3-0 <2.0.0-0',
49 silly addNameRange   hasData: false }
50 verbose request where is /angular-material
51 verbose request registry https://registry.npmjs.org/
52 verbose request id 8266aeb869d5bf67
53 verbose url raw /angular-material
54 verbose url resolving [ 'https://registry.npmjs.org/', './angular-material' ]
55 verbose url resolved https://registry.npmjs.org/angular-material
56 verbose request where is https://registry.npmjs.org/angular-material
57 info trying registry request attempt 1 at 17:08:51
58 http GET https://registry.npmjs.org/angular-material
59 verbose request where is /browser-sync
60 verbose request registry https://registry.npmjs.org/
61 verbose url raw /browser-sync
62 verbose url resolving [ 'https://registry.npmjs.org/', './browser-sync' ]
63 verbose url resolved https://registry.npmjs.org/browser-sync
64 verbose request where is https://registry.npmjs.org/browser-sync
65 info trying registry request attempt 1 at 17:08:51
66 verbose etag "E6DWQYY13AEWUTS5ZBQ7DKGJ8"
67 http GET https://registry.npmjs.org/browser-sync
68 http 200 https://registry.npmjs.org/angular-material
69 silly registry.get cb [ 200,
69 silly registry.get   { server: 'CouchDB/1.5.0 (Erlang OTP/R16B03)',
69 silly registry.get     etag: '"42QMZLSDAGIGKBLLDFS06PIN"',
69 silly registry.get     'content-type': 'application/json',
69 silly registry.get     'content-encoding': 'gzip',
69 silly registry.get     'cache-control': 'max-age=300',
69 silly registry.get     'content-length': '7531',
69 silly registry.get     'accept-ranges': 'bytes',
69 silly registry.get     date: 'Mon, 11 Apr 2016 11:38:52 GMT',
69 silly registry.get     via: '1.1 varnish',
69 silly registry.get     age: '75',
69 silly registry.get     connection: 'keep-alive',
69 silly registry.get     'x-served-by': 'cache-ams4138-AMS',
69 silly registry.get     'x-cache': 'HIT',
69 silly registry.get     'x-cache-hits': '1',
69 silly registry.get     'x-timer': 'S1460374732.106551,VS0,VE0',
69 silly registry.get     vary: 'Accept-Encoding' } ]
70 silly addNameRange number 2 { name: 'angular-material',
70 silly addNameRange   range: '>=1.5.3-0 <2.0.0-0',
70 silly addNameRange   hasData: true }
71 silly addNameRange versions [ 'angular-material',
71 silly addNameRange   [ '0.7.1',
71 silly addNameRange     '0.8.0',
71 silly addNameRange     '0.8.1',
71 silly addNameRange     '0.8.2',
71 silly addNameRange     '0.8.3',
71 silly addNameRange     '0.9.2',
71 silly addNameRange     '0.9.3',
71 silly addNameRange     '0.9.4',
71 silly addNameRange     '0.9.5',
71 silly addNameRange     '0.9.6',
71 silly addNameRange     '0.9.7',
71 silly addNameRange     '0.9.8',
71 silly addNameRange     '0.10.0',
71 silly addNameRange     '0.10.1',
71 silly addNameRange     '0.11.0',
71 silly addNameRange     '0.11.1',
71 silly addNameRange     '0.11.2',
71 silly addNameRange     '0.11.3',
71 silly addNameRange     '0.11.4',
71 silly addNameRange     '1.0.0',
71 silly addNameRange     '1.0.1',
71 silly addNameRange     '1.0.2',
71 silly addNameRange     '1.0.4',
71 silly addNameRange     '1.0.5',
71 silly addNameRange     '1.0.6',
71 silly addNameRange     '1.0.7' ] ]
72 silly lockFile 9ab57fe1-angular-material-1-5-3 angular-material@^1.5.3
73 silly lockFile 9ab57fe1-angular-material-1-5-3 angular-material@^1.5.3
74 http 200 https://registry.npmjs.org/browser-sync
75 silly registry.get cb [ 200,
75 silly registry.get   { server: 'CouchDB/1.5.0 (Erlang OTP/R16B03)',
75 silly registry.get     etag: '"35ZEJFGCUCWWT3J72FDU977JD"',
75 silly registry.get     'content-type': 'application/json',
75 silly registry.get     'content-encoding': 'gzip',
75 silly registry.get     'cache-control': 'max-age=300',
75 silly registry.get     'content-length': '36646',
75 silly registry.get     'accept-ranges': 'bytes',
75 silly registry.get     date: 'Mon, 11 Apr 2016 11:38:52 GMT',
75 silly registry.get     via: '1.1 varnish',
75 silly registry.get     age: '24',
75 silly registry.get     connection: 'keep-alive',
75 silly registry.get     'x-served-by': 'cache-ams4129-AMS',
75 silly registry.get     'x-cache': 'HIT',
75 silly registry.get     'x-cache-hits': '431',
75 silly registry.get     'x-timer': 'S1460374732.103839,VS0,VE0',
75 silly registry.get     vary: 'Accept-Encoding' } ]
76 silly addNameRange number 2 { name: 'browser-sync', range: '*', hasData: true }
77 silly addNameRange versions [ 'browser-sync',
77 silly addNameRange   [ '0.1.0',
77 silly addNameRange     '0.1.1',
77 silly addNameRange     '0.1.3',
77 silly addNameRange     '0.1.5',
77 silly addNameRange     '0.1.6',
77 silly addNameRange     '0.1.7',
77 silly addNameRange     '0.1.8',
77 silly addNameRange     '0.1.9',
77 silly addNameRange     '0.1.10',
77 silly addNameRange     '0.2.0',
77 silly addNameRange     '0.2.1',
77 silly addNameRange     '0.3.0',
77 silly addNameRange     '0.3.1',
77 silly addNameRange     '0.3.2',
77 silly addNameRange     '0.3.3',
77 silly addNameRange     '0.3.4',
77 silly addNameRange     '0.3.5',
77 silly addNameRange     '0.3.6',
77 silly addNameRange     '0.3.7',
77 silly addNameRange     '0.3.8',
77 silly addNameRange     '0.3.10',
77 silly addNameRange     '0.4.0',
77 silly addNameRange     '0.4.1',
77 silly addNameRange     '0.4.2',
77 silly addNameRange     '0.4.21',
77 silly addNameRange     '0.4.3',
77 silly addNameRange     '0.4.4',
77 silly addNameRange     '0.4.5',
77 silly addNameRange     '0.4.6',
77 silly addNameRange     '0.4.7',
77 silly addNameRange     '0.4.8',
77 silly addNameRange     '0.4.9',
77 silly addNameRange     '0.4.10',
77 silly addNameRange     '0.4.11',
77 silly addNameRange     '0.4.12',
77 silly addNameRange     '0.5.0',
77 silly addNameRange     '0.5.1',
77 silly addNameRange     '0.5.2',
77 silly addNameRange     '0.5.3',
77 silly addNameRange     '0.5.4',
77 silly addNameRange     '0.5.5',
77 silly addNameRange     '0.5.6',
77 silly addNameRange     '0.5.7',
77 silly addNameRange     '0.5.8',
77 silly addNameRange     '0.5.9',
77 silly addNameRange     '0.6.0',
77 silly addNameRange     '0.6.1',
77 silly addNameRange     '0.6.2',
77 silly addNameRange     '0.7.0',
77 silly addNameRange     '0.7.1',
77 silly addNameRange     '0.7.2',
77 silly addNameRange     '0.7.3',
77 silly addNameRange     '0.7.4',
77 silly addNameRange     '0.7.5',
77 silly addNameRange     '0.7.7',
77 silly addNameRange     '0.8.0',
77 silly addNameRange     '0.8.1',
77 silly addNameRange     '0.8.2',
77 silly addNameRange     '0.9.0',
77 silly addNameRange     '0.9.1',
77 silly addNameRange     '1.0.0',
77 silly addNameRange     '1.1.0',
77 silly addNameRange     '1.1.1',
77 silly addNameRange     '1.1.2',
77 silly addNameRange     '1.2.0',
77 silly addNameRange     '1.2.1',
77 silly addNameRange     '1.3.0',
77 silly addNameRange     '1.3.2',
77 silly addNameRange     '1.3.3',
77 silly addNameRange     '1.3.4',
77 silly addNameRange     '1.3.5',
77 silly addNameRange     '1.3.6',
77 silly addNameRange     '1.3.7',
77 silly addNameRange     '1.5.0',
77 silly addNameRange     '1.5.1',
77 silly addNameRange     '1.5.2',
77 silly addNameRange     '1.5.3',
77 silly addNameRange     '1.5.4',
77 silly addNameRange     '1.5.5',
77 silly addNameRange     '1.5.6',
77 silly addNameRange     '1.5.7',
77 silly addNameRange     '1.5.8',
77 silly addNameRange     '1.5.9',
77 silly addNameRange     '1.6.0',
77 silly addNameRange     '1.6.1',
77 silly addNameRange     '1.6.2',
77 silly addNameRange     '1.6.3',
77 silly addNameRange     '1.6.4',
77 silly addNameRange     '1.6.5',
77 silly addNameRange     '1.7.0',
77 silly addNameRange     '1.7.1',
77 silly addNameRange     '1.7.2',
77 silly addNameRange     '1.7.3',
77 silly addNameRange     '1.8.0',
77 silly addNameRange     '1.8.1',
77 silly addNameRange     '1.8.2',
77 silly addNameRange     '1.8.3',
77 silly addNameRange     '1.9.0',
77 silly addNameRange     '1.9.1',
77 silly addNameRange     '2.0.0-rc1',
77 silly addNameRange     '2.0.0-rc2',
77 silly addNameRange     '2.0.0-rc3',
77 silly addNameRange     '2.0.0-rc4',
77 silly addNameRange     '2.0.0-rc5',
77 silly addNameRange     '2.0.0-rc6',
77 silly addNameRange     '2.0.0-rc7',
77 silly addNameRange     '2.0.0-rc8',
77 silly addNameRange     '2.0.0-rc9',
77 silly addNameRange     '2.0.0-rc10',
77 silly addNameRange     '2.0.0',
77 silly addNameRange     '2.0.1',
77 silly addNameRange     '2.1.0',
77 silly addNameRange     '2.1.1',
77 silly addNameRange     '2.1.2',
77 silly addNameRange     '2.1.3',
77 silly addNameRange     '2.1.4',
77 silly addNameRange     '2.1.6',
77 silly addNameRange     '2.2.0',
77 silly addNameRange     '2.2.1',
77 silly addNameRange     '2.2.2',
77 silly addNameRange     '2.2.3',
77 silly addNameRange     '2.2.4',
77 silly addNameRange     '2.2.5',
77 silly addNameRange     '2.3.0',
77 silly addNameRange     '2.3.1',
77 silly addNameRange     '2.3.2',
77 silly addNameRange     '2.4.0',
77 silly addNameRange     '2.4.1',
77 silly addNameRange     '2.5.0',
77 silly addNameRange     '2.5.1',
77 silly addNameRange     '2.5.2',
77 silly addNameRange     '2.5.3',
77 silly addNameRange     '2.6.0',
77 silly addNameRange     '2.6.1',
77 silly addNameRange     '2.6.2',
77 silly addNameRange     '2.6.3',
77 silly addNameRange     '2.6.4',
77 silly addNameRange     '2.6.5',
77 silly addNameRange     '2.6.6',
77 silly addNameRange     '1.9.2',
77 silly addNameRange     '2.6.7',
77 silly addNameRange     '2.6.8',
77 silly addNameRange     '2.6.9',
77 silly addNameRange     '2.6.10',
77 silly addNameRange     '2.6.11',
77 silly addNameRange     '2.7.0',
77 silly addNameRange     '2.7.1',
77 silly addNameRange     '2.7.2',
77 silly addNameRange     '2.7.3',
77 silly addNameRange     '2.7.4',
77 silly addNameRange     '2.7.5',
77 silly addNameRange     '2.7.6',
77 silly addNameRange     '2.7.7',
77 silly addNameRange     '2.7.8',
77 silly addNameRange     '2.7.9',
77 silly addNameRange     '2.7.10',
77 silly addNameRange     '2.7.11',
77 silly addNameRange     '2.7.12',
77 silly addNameRange     '2.7.13',
77 silly addNameRange     '2.8.0',
77 silly addNameRange     '2.8.1',
77 silly addNameRange     '2.8.2',
77 silly addNameRange     '2.8.3',
77 silly addNameRange     '2.9.0',
77 silly addNameRange     '2.9.1',
77 silly addNameRange     '2.9.2',
77 silly addNameRange     '2.9.3',
77 silly addNameRange     '2.9.4',
77 silly addNameRange     '2.9.5',
77 silly addNameRange     '2.9.6',
77 silly addNameRange     '2.9.7',
77 silly addNameRange     '2.9.8',
77 silly addNameRange     '2.9.9',
77 silly addNameRange     '2.9.10',
77 silly addNameRange     '2.9.11',
77 silly addNameRange     '2.9.12',
77 silly addNameRange     '2.10.0',
77 silly addNameRange     '2.10.1',
77 silly addNameRange     '2.11.0',
77 silly addNameRange     '2.11.1',
77 silly addNameRange     '2.11.2' ] ]
78 verbose addNamed [ 'browser-sync', '2.11.2' ]
79 verbose addNamed [ '2.11.2', '2.11.2' ]
80 silly lockFile 39dc6816-browser-sync-2-11-2 browser-sync@2.11.2
81 verbose lock browser-sync@2.11.2 /home/innofied/.npm/39dc6816-browser-sync-2-11-2.lock
82 silly lockFile 85c0a8b1-ser-sync-browser-sync-2-11-2-tgz https://registry.npmjs.org/browser-sync/-/browser-sync-2.11.2.tgz
83 verbose lock https://registry.npmjs.org/browser-sync/-/browser-sync-2.11.2.tgz /home/innofied/.npm/85c0a8b1-ser-sync-browser-sync-2-11-2-tgz.lock
84 verbose addRemoteTarball [ 'https://registry.npmjs.org/browser-sync/-/browser-sync-2.11.2.tgz',
84 verbose addRemoteTarball   'be3aab58349da70a1ab0314e765f396d684c39d5' ]
85 info retry fetch attempt 1 at 17:08:52
86 verbose fetch to= /tmp/npm-10023-PUZkuofY/registry.npmjs.org/browser-sync/-/browser-sync-2.11.2.tgz
87 http GET https://registry.npmjs.org/browser-sync/-/browser-sync-2.11.2.tgz
88 http 200 https://registry.npmjs.org/browser-sync/-/browser-sync-2.11.2.tgz
89 silly lockFile 85c0a8b1-ser-sync-browser-sync-2-11-2-tgz https://registry.npmjs.org/browser-sync/-/browser-sync-2.11.2.tgz
90 silly lockFile 85c0a8b1-ser-sync-browser-sync-2-11-2-tgz https://registry.npmjs.org/browser-sync/-/browser-sync-2.11.2.tgz
91 silly lockFile 39dc6816-browser-sync-2-11-2 browser-sync@2.11.2
92 silly lockFile 39dc6816-browser-sync-2-11-2 browser-sync@2.11.2
93 silly lockFile 6373e9ab-browser-sync browser-sync@
94 silly lockFile 6373e9ab-browser-sync browser-sync@
95 error notarget No compatible version found: angular-material@'>=1.5.3-0 <2.0.0-0'
95 error notarget Valid install targets:
95 error notarget ["0.7.1","0.8.0","0.8.1","0.8.2","0.8.3","0.9.2","0.9.3","0.9.4","0.9.5","0.9.6","0.9.7","0.9.8","0.10.0","0.10.1","0.11.0","0.11.1","0.11.2","0.11.3","0.11.4","1.0.0","1.0.1","1.0.2","1.0.4","1.0.5","1.0.6","1.0.7"]
95 error notarget
95 error notarget This is most likely not a problem with npm itself.
95 error notarget In most cases you or one of your dependencies are requesting
95 error notarget a package version that doesn't exist.
96 error System Linux 3.13.0-65-generic
97 error command "/usr/bin/node" "/usr/bin/npm" "install"
98 error cwd /var/www/projects/mean-pro/angular-starter
99 error node -v v0.10.40
100 error npm -v 1.4.28
101 error code ETARGET
102 verbose exit [ 1, true ]
